CRITICAL - 2025-11-06 01:12:10 --> Error: Class "App\Controllers\UsuarioModel" not found
[Method: GET, Route: usuarios]
in APPPATH\Controllers\UsuariosController.php on line 12.
 1 SYSTEMPATH\CodeIgniter.php(933): App\Controllers\UsuariosController->index()
 2 SYSTEMPATH\CodeIgniter.php(507): CodeIgniter\CodeIgniter->runController(Object(App\Controllers\UsuariosController))
 3 SYSTEMPATH\CodeIgniter.php(354): CodeIgniter\CodeIgniter->handleRequest(null, Object(Config\Cache), false)
 4 SYSTEMPATH\Boot.php(363): CodeIgniter\CodeIgniter->run()
 5 SYSTEMPATH\Boot.php(68): CodeIgniter\Boot::runCodeIgniter(Object(CodeIgniter\CodeIgniter))
 6 FCPATH\index.php(59): CodeIgniter\Boot::bootWeb(Object(Config\Paths))
CRITICAL - 2025-11-06 01:13:34 --> ErrorException: Undefined variable $cliente
[Method: GET, Route: usuarios]
in APPPATH\Views\usuarios.php on line 86.
 1 APPPATH\Views\usuarios.php(86): CodeIgniter\Debug\Exceptions->errorHandler(2, 'Undefined variable $cliente', 'C:\\xampp\\htdocs\\proyecto_final\\app\\Views\\usuarios.php', 86)
 2 SYSTEMPATH\View\View.php(226): include('C:\\xampp\\htdocs\\proyecto_final\\app\\Views\\usuarios.php')
 3 SYSTEMPATH\View\View.php(229): CodeIgniter\View\View->CodeIgniter\View\{closure}()
 4 SYSTEMPATH\Common.php(1167): CodeIgniter\View\View->render('usuarios', [], true)
 5 APPPATH\Controllers\UsuariosController.php(17): view('usuarios', [...])
 6 SYSTEMPATH\CodeIgniter.php(933): App\Controllers\UsuariosController->index()
 7 SYSTEMPATH\CodeIgniter.php(507): CodeIgniter\CodeIgniter->runController(Object(App\Controllers\UsuariosController))
 8 SYSTEMPATH\CodeIgniter.php(354): CodeIgniter\CodeIgniter->handleRequest(null, Object(Config\Cache), false)
 9 SYSTEMPATH\Boot.php(363): CodeIgniter\CodeIgniter->run()
10 SYSTEMPATH\Boot.php(68): CodeIgniter\Boot::runCodeIgniter(Object(CodeIgniter\CodeIgniter))
11 FCPATH\index.php(59): CodeIgniter\Boot::bootWeb(Object(Config\Paths))
ERROR - 2025-11-06 01:15:29 --> mysqli_sql_exception: Duplicate entry 'opp_emp' for key 'usuario' in C:\xampp\htdocs\proyecto_final\system\Database\MySQLi\Connection.php:327
Stack trace:
#0 C:\xampp\htdocs\proyecto_final\system\Database\MySQLi\Connection.php(327): mysqli->query('INSERT INTO `Us...', 0)
#1 C:\xampp\htdocs\proyecto_final\system\Database\BaseConnection.php(729): CodeIgniter\Database\MySQLi\Connection->execute('INSERT INTO `Us...')
#2 C:\xampp\htdocs\proyecto_final\system\Database\BaseConnection.php(646): CodeIgniter\Database\BaseConnection->simpleQuery('INSERT INTO `Us...')
#3 C:\xampp\htdocs\proyecto_final\system\Database\BaseBuilder.php(2345): CodeIgniter\Database\BaseConnection->query('INSERT INTO `Us...', Array, false)
#4 C:\xampp\htdocs\proyecto_final\system\Model.php(394): CodeIgniter\Database\BaseBuilder->insert()
#5 C:\xampp\htdocs\proyecto_final\system\BaseModel.php(838): CodeIgniter\Model->doInsert(Array)
#6 C:\xampp\htdocs\proyecto_final\system\Model.php(797): CodeIgniter\BaseModel->insert(Array, true)
#7 C:\xampp\htdocs\proyecto_final\app\Controllers\UsuariosController.php(33): CodeIgniter\Model->insert(Array)
#8 C:\xampp\htdocs\proyecto_final\system\CodeIgniter.php(933): App\Controllers\UsuariosController->agregarUsuario()
#9 C:\xampp\htdocs\proyecto_final\system\CodeIgniter.php(507): CodeIgniter\CodeIgniter->runController(Object(App\Controllers\UsuariosController))
#10 C:\xampp\htdocs\proyecto_final\system\CodeIgniter.php(354): CodeIgniter\CodeIgniter->handleRequest(NULL, Object(Config\Cache), false)
#11 C:\xampp\htdocs\proyecto_final\system\Boot.php(363): CodeIgniter\CodeIgniter->run()
#12 C:\xampp\htdocs\proyecto_final\system\Boot.php(68): CodeIgniter\Boot::runCodeIgniter(Object(CodeIgniter\CodeIgniter))
#13 C:\xampp\htdocs\proyecto_final\public\index.php(59): CodeIgniter\Boot::bootWeb(Object(Config\Paths))
#14 {main}
CRITICAL - 2025-11-06 01:15:29 --> CodeIgniter\Database\Exceptions\DatabaseException: Duplicate entry 'opp_emp' for key 'usuario'
[Method: POST, Route: agregar_usuario]
in SYSTEMPATH\Database\BaseConnection.php on line 684.
 1 SYSTEMPATH\Database\BaseBuilder.php(2345): CodeIgniter\Database\BaseConnection->query('INSERT INTO `Usuarios` (`nombre`, `usuario`, `contraseña`, `rol`, `area_id`) VALUES (:nombre:, :usuario:, :contraseña:, :rol:, :area_id:)', [...], false)
 2 SYSTEMPATH\Model.php(394): CodeIgniter\Database\BaseBuilder->insert()
 3 SYSTEMPATH\BaseModel.php(838): CodeIgniter\Model->doInsert([...])
 4 SYSTEMPATH\Model.php(797): CodeIgniter\BaseModel->insert([...], true)
 5 APPPATH\Controllers\UsuariosController.php(33): CodeIgniter\Model->insert([...])
 6 SYSTEMPATH\CodeIgniter.php(933): App\Controllers\UsuariosController->agregarUsuario()
 7 SYSTEMPATH\CodeIgniter.php(507): CodeIgniter\CodeIgniter->runController(Object(App\Controllers\UsuariosController))
 8 SYSTEMPATH\CodeIgniter.php(354): CodeIgniter\CodeIgniter->handleRequest(null, Object(Config\Cache), false)
 9 SYSTEMPATH\Boot.php(363): CodeIgniter\CodeIgniter->run()
10 SYSTEMPATH\Boot.php(68): CodeIgniter\Boot::runCodeIgniter(Object(CodeIgniter\CodeIgniter))
11 FCPATH\index.php(59): CodeIgniter\Boot::bootWeb(Object(Config\Paths))
CRITICAL - 2025-11-06 01:15:29 --> [Caused by] CodeIgniter\Database\Exceptions\DatabaseException: Duplicate entry 'opp_emp' for key 'usuario'
in SYSTEMPATH\Database\MySQLi\Connection.php on line 332.
 1 SYSTEMPATH\Database\BaseConnection.php(729): CodeIgniter\Database\MySQLi\Connection->execute('INSERT INTO `Usuarios` (`nombre`, `usuario`, `contraseña`, `rol`, `area_id`) VALUES (\'Operador Empaque\', \'opp_emp\', \'123\', \'invitado\', \'5\')')
 2 SYSTEMPATH\Database\BaseConnection.php(646): CodeIgniter\Database\BaseConnection->simpleQuery('INSERT INTO `Usuarios` (`nombre`, `usuario`, `contraseña`, `rol`, `area_id`) VALUES (\'Operador Empaque\', \'opp_emp\', \'123\', \'invitado\', \'5\')')
 3 SYSTEMPATH\Database\BaseBuilder.php(2345): CodeIgniter\Database\BaseConnection->query('INSERT INTO `Usuarios` (`nombre`, `usuario`, `contraseña`, `rol`, `area_id`) VALUES (:nombre:, :usuario:, :contraseña:, :rol:, :area_id:)', [...], false)
 4 SYSTEMPATH\Model.php(394): CodeIgniter\Database\BaseBuilder->insert()
 5 SYSTEMPATH\BaseModel.php(838): CodeIgniter\Model->doInsert([...])
 6 SYSTEMPATH\Model.php(797): CodeIgniter\BaseModel->insert([...], true)
 7 APPPATH\Controllers\UsuariosController.php(33): CodeIgniter\Model->insert([...])
 8 SYSTEMPATH\CodeIgniter.php(933): App\Controllers\UsuariosController->agregarUsuario()
 9 SYSTEMPATH\CodeIgniter.php(507): CodeIgniter\CodeIgniter->runController(Object(App\Controllers\UsuariosController))
10 SYSTEMPATH\CodeIgniter.php(354): CodeIgniter\CodeIgniter->handleRequest(null, Object(Config\Cache), false)
11 SYSTEMPATH\Boot.php(363): CodeIgniter\CodeIgniter->run()
12 SYSTEMPATH\Boot.php(68): CodeIgniter\Boot::runCodeIgniter(Object(CodeIgniter\CodeIgniter))
13 FCPATH\index.php(59): CodeIgniter\Boot::bootWeb(Object(Config\Paths))
CRITICAL - 2025-11-06 01:15:29 --> [Caused by] mysqli_sql_exception: Duplicate entry 'opp_emp' for key 'usuario'
in SYSTEMPATH\Database\MySQLi\Connection.php on line 327.
 1 SYSTEMPATH\Database\MySQLi\Connection.php(327): mysqli->query('INSERT INTO `Usuarios` (`nombre`, `usuario`, `contraseña`, `rol`, `area_id`) VALUES (\'Operador Empaque\', \'opp_emp\', \'123\', \'invitado\', \'5\')', 0)
 2 SYSTEMPATH\Database\BaseConnection.php(729): CodeIgniter\Database\MySQLi\Connection->execute('INSERT INTO `Usuarios` (`nombre`, `usuario`, `contraseña`, `rol`, `area_id`) VALUES (\'Operador Empaque\', \'opp_emp\', \'123\', \'invitado\', \'5\')')
 3 SYSTEMPATH\Database\BaseConnection.php(646): CodeIgniter\Database\BaseConnection->simpleQuery('INSERT INTO `Usuarios` (`nombre`, `usuario`, `contraseña`, `rol`, `area_id`) VALUES (\'Operador Empaque\', \'opp_emp\', \'123\', \'invitado\', \'5\')')
 4 SYSTEMPATH\Database\BaseBuilder.php(2345): CodeIgniter\Database\BaseConnection->query('INSERT INTO `Usuarios` (`nombre`, `usuario`, `contraseña`, `rol`, `area_id`) VALUES (:nombre:, :usuario:, :contraseña:, :rol:, :area_id:)', [...], false)
 5 SYSTEMPATH\Model.php(394): CodeIgniter\Database\BaseBuilder->insert()
 6 SYSTEMPATH\BaseModel.php(838): CodeIgniter\Model->doInsert([...])
 7 SYSTEMPATH\Model.php(797): CodeIgniter\BaseModel->insert([...], true)
 8 APPPATH\Controllers\UsuariosController.php(33): CodeIgniter\Model->insert([...])
 9 SYSTEMPATH\CodeIgniter.php(933): App\Controllers\UsuariosController->agregarUsuario()
10 SYSTEMPATH\CodeIgniter.php(507): CodeIgniter\CodeIgniter->runController(Object(App\Controllers\UsuariosController))
11 SYSTEMPATH\CodeIgniter.php(354): CodeIgniter\CodeIgniter->handleRequest(null, Object(Config\Cache), false)
12 SYSTEMPATH\Boot.php(363): CodeIgniter\CodeIgniter->run()
13 SYSTEMPATH\Boot.php(68): CodeIgniter\Boot::runCodeIgniter(Object(CodeIgniter\CodeIgniter))
14 FCPATH\index.php(59): CodeIgniter\Boot::bootWeb(Object(Config\Paths))
ERROR - 2025-11-06 01:39:55 --> mysqli_sql_exception: Cannot add or update a child row: a foreign key constraint fails (`produccion_calzado`.`usuarios`, CONSTRAINT `usuarios_ibfk_1` FOREIGN KEY (`area_id`) REFERENCES `areas` (`area_id`)) in C:\xampp\htdocs\proyecto_final\system\Database\MySQLi\Connection.php:327
Stack trace:
#0 C:\xampp\htdocs\proyecto_final\system\Database\MySQLi\Connection.php(327): mysqli->query('UPDATE `Usuario...', 0)
#1 C:\xampp\htdocs\proyecto_final\system\Database\BaseConnection.php(729): CodeIgniter\Database\MySQLi\Connection->execute('UPDATE `Usuario...')
#2 C:\xampp\htdocs\proyecto_final\system\Database\BaseConnection.php(646): CodeIgniter\Database\BaseConnection->simpleQuery('UPDATE `Usuario...')
#3 C:\xampp\htdocs\proyecto_final\system\Database\BaseBuilder.php(2521): CodeIgniter\Database\BaseConnection->query('UPDATE `Usuario...', Array, false)
#4 C:\xampp\htdocs\proyecto_final\system\Model.php(461): CodeIgniter\Database\BaseBuilder->update()
#5 C:\xampp\htdocs\proyecto_final\system\BaseModel.php(1025): CodeIgniter\Model->doUpdate(Array, Array)
#6 C:\xampp\htdocs\proyecto_final\system\Model.php(860): CodeIgniter\BaseModel->update(Array, Array)
#7 C:\xampp\htdocs\proyecto_final\app\Controllers\UsuariosController.php(68): CodeIgniter\Model->update('1', Array)
#8 C:\xampp\htdocs\proyecto_final\system\CodeIgniter.php(933): App\Controllers\UsuariosController->modificarUsuario()
#9 C:\xampp\htdocs\proyecto_final\system\CodeIgniter.php(507): CodeIgniter\CodeIgniter->runController(Object(App\Controllers\UsuariosController))
#10 C:\xampp\htdocs\proyecto_final\system\CodeIgniter.php(354): CodeIgniter\CodeIgniter->handleRequest(NULL, Object(Config\Cache), false)
#11 C:\xampp\htdocs\proyecto_final\system\Boot.php(363): CodeIgniter\CodeIgniter->run()
#12 C:\xampp\htdocs\proyecto_final\system\Boot.php(68): CodeIgniter\Boot::runCodeIgniter(Object(CodeIgniter\CodeIgniter))
#13 C:\xampp\htdocs\proyecto_final\public\index.php(59): CodeIgniter\Boot::bootWeb(Object(Config\Paths))
#14 {main}
CRITICAL - 2025-11-06 01:39:55 --> CodeIgniter\Database\Exceptions\DatabaseException: Cannot add or update a child row: a foreign key constraint fails (`produccion_calzado`.`usuarios`, CONSTRAINT `usuarios_ibfk_1` FOREIGN KEY (`area_id`) REFERENCES `areas` (`area_id`))
[Method: POST, Route: modificar_usuario]
in SYSTEMPATH\Database\BaseConnection.php on line 684.
 1 SYSTEMPATH\Database\BaseBuilder.php(2521): CodeIgniter\Database\BaseConnection->query('UPDATE `Usuarios` SET `nombre` = :nombre:, `usuario` = :usuario:, `contraseña` = :contraseña:, `rol` = :rol:, `area_id` = :area_id:
WHERE `Usuarios`.`usuario_id` IN :Usuarios.usuario_id:', [...], false)
 2 SYSTEMPATH\Model.php(461): CodeIgniter\Database\BaseBuilder->update()
 3 SYSTEMPATH\BaseModel.php(1025): CodeIgniter\Model->doUpdate([...], [...])
 4 SYSTEMPATH\Model.php(860): CodeIgniter\BaseModel->update([...], [...])
 5 APPPATH\Controllers\UsuariosController.php(68): CodeIgniter\Model->update('1', [...])
 6 SYSTEMPATH\CodeIgniter.php(933): App\Controllers\UsuariosController->modificarUsuario()
 7 SYSTEMPATH\CodeIgniter.php(507): CodeIgniter\CodeIgniter->runController(Object(App\Controllers\UsuariosController))
 8 SYSTEMPATH\CodeIgniter.php(354): CodeIgniter\CodeIgniter->handleRequest(null, Object(Config\Cache), false)
 9 SYSTEMPATH\Boot.php(363): CodeIgniter\CodeIgniter->run()
10 SYSTEMPATH\Boot.php(68): CodeIgniter\Boot::runCodeIgniter(Object(CodeIgniter\CodeIgniter))
11 FCPATH\index.php(59): CodeIgniter\Boot::bootWeb(Object(Config\Paths))
CRITICAL - 2025-11-06 01:39:55 --> [Caused by] CodeIgniter\Database\Exceptions\DatabaseException: Cannot add or update a child row: a foreign key constraint fails (`produccion_calzado`.`usuarios`, CONSTRAINT `usuarios_ibfk_1` FOREIGN KEY (`area_id`) REFERENCES `areas` (`area_id`))
in SYSTEMPATH\Database\MySQLi\Connection.php on line 332.
 1 SYSTEMPATH\Database\BaseConnection.php(729): CodeIgniter\Database\MySQLi\Connection->execute('UPDATE `Usuarios` SET `nombre` = \'Admins General\', `usuario` = \'admin\', `contraseña` = \'321\', `rol` = \'admin\', `area_id` = \'\'
WHERE `Usuarios`.`usuario_id` IN (\'1\')')
 2 SYSTEMPATH\Database\BaseConnection.php(646): CodeIgniter\Database\BaseConnection->simpleQuery('UPDATE `Usuarios` SET `nombre` = \'Admins General\', `usuario` = \'admin\', `contraseña` = \'321\', `rol` = \'admin\', `area_id` = \'\'
WHERE `Usuarios`.`usuario_id` IN (\'1\')')
 3 SYSTEMPATH\Database\BaseBuilder.php(2521): CodeIgniter\Database\BaseConnection->query('UPDATE `Usuarios` SET `nombre` = :nombre:, `usuario` = :usuario:, `contraseña` = :contraseña:, `rol` = :rol:, `area_id` = :area_id:
WHERE `Usuarios`.`usuario_id` IN :Usuarios.usuario_id:', [...], false)
 4 SYSTEMPATH\Model.php(461): CodeIgniter\Database\BaseBuilder->update()
 5 SYSTEMPATH\BaseModel.php(1025): CodeIgniter\Model->doUpdate([...], [...])
 6 SYSTEMPATH\Model.php(860): CodeIgniter\BaseModel->update([...], [...])
 7 APPPATH\Controllers\UsuariosController.php(68): CodeIgniter\Model->update('1', [...])
 8 SYSTEMPATH\CodeIgniter.php(933): App\Controllers\UsuariosController->modificarUsuario()
 9 SYSTEMPATH\CodeIgniter.php(507): CodeIgniter\CodeIgniter->runController(Object(App\Controllers\UsuariosController))
10 SYSTEMPATH\CodeIgniter.php(354): CodeIgniter\CodeIgniter->handleRequest(null, Object(Config\Cache), false)
11 SYSTEMPATH\Boot.php(363): CodeIgniter\CodeIgniter->run()
12 SYSTEMPATH\Boot.php(68): CodeIgniter\Boot::runCodeIgniter(Object(CodeIgniter\CodeIgniter))
13 FCPATH\index.php(59): CodeIgniter\Boot::bootWeb(Object(Config\Paths))
CRITICAL - 2025-11-06 01:39:55 --> [Caused by] mysqli_sql_exception: Cannot add or update a child row: a foreign key constraint fails (`produccion_calzado`.`usuarios`, CONSTRAINT `usuarios_ibfk_1` FOREIGN KEY (`area_id`) REFERENCES `areas` (`area_id`))
in SYSTEMPATH\Database\MySQLi\Connection.php on line 327.
 1 SYSTEMPATH\Database\MySQLi\Connection.php(327): mysqli->query('UPDATE `Usuarios` SET `nombre` = \'Admins General\', `usuario` = \'admin\', `contraseña` = \'321\', `rol` = \'admin\', `area_id` = \'\'
WHERE `Usuarios`.`usuario_id` IN (\'1\')', 0)
 2 SYSTEMPATH\Database\BaseConnection.php(729): CodeIgniter\Database\MySQLi\Connection->execute('UPDATE `Usuarios` SET `nombre` = \'Admins General\', `usuario` = \'admin\', `contraseña` = \'321\', `rol` = \'admin\', `area_id` = \'\'
WHERE `Usuarios`.`usuario_id` IN (\'1\')')
 3 SYSTEMPATH\Database\BaseConnection.php(646): CodeIgniter\Database\BaseConnection->simpleQuery('UPDATE `Usuarios` SET `nombre` = \'Admins General\', `usuario` = \'admin\', `contraseña` = \'321\', `rol` = \'admin\', `area_id` = \'\'
WHERE `Usuarios`.`usuario_id` IN (\'1\')')
 4 SYSTEMPATH\Database\BaseBuilder.php(2521): CodeIgniter\Database\BaseConnection->query('UPDATE `Usuarios` SET `nombre` = :nombre:, `usuario` = :usuario:, `contraseña` = :contraseña:, `rol` = :rol:, `area_id` = :area_id:
WHERE `Usuarios`.`usuario_id` IN :Usuarios.usuario_id:', [...], false)
 5 SYSTEMPATH\Model.php(461): CodeIgniter\Database\BaseBuilder->update()
 6 SYSTEMPATH\BaseModel.php(1025): CodeIgniter\Model->doUpdate([...], [...])
 7 SYSTEMPATH\Model.php(860): CodeIgniter\BaseModel->update([...], [...])
 8 APPPATH\Controllers\UsuariosController.php(68): CodeIgniter\Model->update('1', [...])
 9 SYSTEMPATH\CodeIgniter.php(933): App\Controllers\UsuariosController->modificarUsuario()
10 SYSTEMPATH\CodeIgniter.php(507): CodeIgniter\CodeIgniter->runController(Object(App\Controllers\UsuariosController))
11 SYSTEMPATH\CodeIgniter.php(354): CodeIgniter\CodeIgniter->handleRequest(null, Object(Config\Cache), false)
12 SYSTEMPATH\Boot.php(363): CodeIgniter\CodeIgniter->run()
13 SYSTEMPATH\Boot.php(68): CodeIgniter\Boot::runCodeIgniter(Object(CodeIgniter\CodeIgniter))
14 FCPATH\index.php(59): CodeIgniter\Boot::bootWeb(Object(Config\Paths))
ERROR - 2025-11-06 01:40:41 --> mysqli_sql_exception: Cannot add or update a child row: a foreign key constraint fails (`produccion_calzado`.`usuarios`, CONSTRAINT `usuarios_ibfk_1` FOREIGN KEY (`area_id`) REFERENCES `areas` (`area_id`)) in C:\xampp\htdocs\proyecto_final\system\Database\MySQLi\Connection.php:327
Stack trace:
#0 C:\xampp\htdocs\proyecto_final\system\Database\MySQLi\Connection.php(327): mysqli->query('UPDATE `Usuario...', 0)
#1 C:\xampp\htdocs\proyecto_final\system\Database\BaseConnection.php(729): CodeIgniter\Database\MySQLi\Connection->execute('UPDATE `Usuario...')
#2 C:\xampp\htdocs\proyecto_final\system\Database\BaseConnection.php(646): CodeIgniter\Database\BaseConnection->simpleQuery('UPDATE `Usuario...')
#3 C:\xampp\htdocs\proyecto_final\system\Database\BaseBuilder.php(2521): CodeIgniter\Database\BaseConnection->query('UPDATE `Usuario...', Array, false)
#4 C:\xampp\htdocs\proyecto_final\system\Model.php(461): CodeIgniter\Database\BaseBuilder->update()
#5 C:\xampp\htdocs\proyecto_final\system\BaseModel.php(1025): CodeIgniter\Model->doUpdate(Array, Array)
#6 C:\xampp\htdocs\proyecto_final\system\Model.php(860): CodeIgniter\BaseModel->update(Array, Array)
#7 C:\xampp\htdocs\proyecto_final\app\Controllers\UsuariosController.php(68): CodeIgniter\Model->update('1', Array)
#8 C:\xampp\htdocs\proyecto_final\system\CodeIgniter.php(933): App\Controllers\UsuariosController->modificarUsuario()
#9 C:\xampp\htdocs\proyecto_final\system\CodeIgniter.php(507): CodeIgniter\CodeIgniter->runController(Object(App\Controllers\UsuariosController))
#10 C:\xampp\htdocs\proyecto_final\system\CodeIgniter.php(354): CodeIgniter\CodeIgniter->handleRequest(NULL, Object(Config\Cache), false)
#11 C:\xampp\htdocs\proyecto_final\system\Boot.php(363): CodeIgniter\CodeIgniter->run()
#12 C:\xampp\htdocs\proyecto_final\system\Boot.php(68): CodeIgniter\Boot::runCodeIgniter(Object(CodeIgniter\CodeIgniter))
#13 C:\xampp\htdocs\proyecto_final\public\index.php(59): CodeIgniter\Boot::bootWeb(Object(Config\Paths))
#14 {main}
CRITICAL - 2025-11-06 01:40:41 --> CodeIgniter\Database\Exceptions\DatabaseException: Cannot add or update a child row: a foreign key constraint fails (`produccion_calzado`.`usuarios`, CONSTRAINT `usuarios_ibfk_1` FOREIGN KEY (`area_id`) REFERENCES `areas` (`area_id`))
[Method: POST, Route: modificar_usuario]
in SYSTEMPATH\Database\BaseConnection.php on line 684.
 1 SYSTEMPATH\Database\BaseBuilder.php(2521): CodeIgniter\Database\BaseConnection->query('UPDATE `Usuarios` SET `nombre` = :nombre:, `usuario` = :usuario:, `contraseña` = :contraseña:, `rol` = :rol:, `area_id` = :area_id:
WHERE `Usuarios`.`usuario_id` IN :Usuarios.usuario_id:', [...], false)
 2 SYSTEMPATH\Model.php(461): CodeIgniter\Database\BaseBuilder->update()
 3 SYSTEMPATH\BaseModel.php(1025): CodeIgniter\Model->doUpdate([...], [...])
 4 SYSTEMPATH\Model.php(860): CodeIgniter\BaseModel->update([...], [...])
 5 APPPATH\Controllers\UsuariosController.php(68): CodeIgniter\Model->update('1', [...])
 6 SYSTEMPATH\CodeIgniter.php(933): App\Controllers\UsuariosController->modificarUsuario()
 7 SYSTEMPATH\CodeIgniter.php(507): CodeIgniter\CodeIgniter->runController(Object(App\Controllers\UsuariosController))
 8 SYSTEMPATH\CodeIgniter.php(354): CodeIgniter\CodeIgniter->handleRequest(null, Object(Config\Cache), false)
 9 SYSTEMPATH\Boot.php(363): CodeIgniter\CodeIgniter->run()
10 SYSTEMPATH\Boot.php(68): CodeIgniter\Boot::runCodeIgniter(Object(CodeIgniter\CodeIgniter))
11 FCPATH\index.php(59): CodeIgniter\Boot::bootWeb(Object(Config\Paths))
CRITICAL - 2025-11-06 01:40:41 --> [Caused by] CodeIgniter\Database\Exceptions\DatabaseException: Cannot add or update a child row: a foreign key constraint fails (`produccion_calzado`.`usuarios`, CONSTRAINT `usuarios_ibfk_1` FOREIGN KEY (`area_id`) REFERENCES `areas` (`area_id`))
in SYSTEMPATH\Database\MySQLi\Connection.php on line 332.
 1 SYSTEMPATH\Database\BaseConnection.php(729): CodeIgniter\Database\MySQLi\Connection->execute('UPDATE `Usuarios` SET `nombre` = \'Admin General\', `usuario` = \'admin\', `contraseña` = \'321\', `rol` = \'admin\', `area_id` = \'\'
WHERE `Usuarios`.`usuario_id` IN (\'1\')')
 2 SYSTEMPATH\Database\BaseConnection.php(646): CodeIgniter\Database\BaseConnection->simpleQuery('UPDATE `Usuarios` SET `nombre` = \'Admin General\', `usuario` = \'admin\', `contraseña` = \'321\', `rol` = \'admin\', `area_id` = \'\'
WHERE `Usuarios`.`usuario_id` IN (\'1\')')
 3 SYSTEMPATH\Database\BaseBuilder.php(2521): CodeIgniter\Database\BaseConnection->query('UPDATE `Usuarios` SET `nombre` = :nombre:, `usuario` = :usuario:, `contraseña` = :contraseña:, `rol` = :rol:, `area_id` = :area_id:
WHERE `Usuarios`.`usuario_id` IN :Usuarios.usuario_id:', [...], false)
 4 SYSTEMPATH\Model.php(461): CodeIgniter\Database\BaseBuilder->update()
 5 SYSTEMPATH\BaseModel.php(1025): CodeIgniter\Model->doUpdate([...], [...])
 6 SYSTEMPATH\Model.php(860): CodeIgniter\BaseModel->update([...], [...])
 7 APPPATH\Controllers\UsuariosController.php(68): CodeIgniter\Model->update('1', [...])
 8 SYSTEMPATH\CodeIgniter.php(933): App\Controllers\UsuariosController->modificarUsuario()
 9 SYSTEMPATH\CodeIgniter.php(507): CodeIgniter\CodeIgniter->runController(Object(App\Controllers\UsuariosController))
10 SYSTEMPATH\CodeIgniter.php(354): CodeIgniter\CodeIgniter->handleRequest(null, Object(Config\Cache), false)
11 SYSTEMPATH\Boot.php(363): CodeIgniter\CodeIgniter->run()
12 SYSTEMPATH\Boot.php(68): CodeIgniter\Boot::runCodeIgniter(Object(CodeIgniter\CodeIgniter))
13 FCPATH\index.php(59): CodeIgniter\Boot::bootWeb(Object(Config\Paths))
CRITICAL - 2025-11-06 01:40:41 --> [Caused by] mysqli_sql_exception: Cannot add or update a child row: a foreign key constraint fails (`produccion_calzado`.`usuarios`, CONSTRAINT `usuarios_ibfk_1` FOREIGN KEY (`area_id`) REFERENCES `areas` (`area_id`))
in SYSTEMPATH\Database\MySQLi\Connection.php on line 327.
 1 SYSTEMPATH\Database\MySQLi\Connection.php(327): mysqli->query('UPDATE `Usuarios` SET `nombre` = \'Admin General\', `usuario` = \'admin\', `contraseña` = \'321\', `rol` = \'admin\', `area_id` = \'\'
WHERE `Usuarios`.`usuario_id` IN (\'1\')', 0)
 2 SYSTEMPATH\Database\BaseConnection.php(729): CodeIgniter\Database\MySQLi\Connection->execute('UPDATE `Usuarios` SET `nombre` = \'Admin General\', `usuario` = \'admin\', `contraseña` = \'321\', `rol` = \'admin\', `area_id` = \'\'
WHERE `Usuarios`.`usuario_id` IN (\'1\')')
 3 SYSTEMPATH\Database\BaseConnection.php(646): CodeIgniter\Database\BaseConnection->simpleQuery('UPDATE `Usuarios` SET `nombre` = \'Admin General\', `usuario` = \'admin\', `contraseña` = \'321\', `rol` = \'admin\', `area_id` = \'\'
WHERE `Usuarios`.`usuario_id` IN (\'1\')')
 4 SYSTEMPATH\Database\BaseBuilder.php(2521): CodeIgniter\Database\BaseConnection->query('UPDATE `Usuarios` SET `nombre` = :nombre:, `usuario` = :usuario:, `contraseña` = :contraseña:, `rol` = :rol:, `area_id` = :area_id:
WHERE `Usuarios`.`usuario_id` IN :Usuarios.usuario_id:', [...], false)
 5 SYSTEMPATH\Model.php(461): CodeIgniter\Database\BaseBuilder->update()
 6 SYSTEMPATH\BaseModel.php(1025): CodeIgniter\Model->doUpdate([...], [...])
 7 SYSTEMPATH\Model.php(860): CodeIgniter\BaseModel->update([...], [...])
 8 APPPATH\Controllers\UsuariosController.php(68): CodeIgniter\Model->update('1', [...])
 9 SYSTEMPATH\CodeIgniter.php(933): App\Controllers\UsuariosController->modificarUsuario()
10 SYSTEMPATH\CodeIgniter.php(507): CodeIgniter\CodeIgniter->runController(Object(App\Controllers\UsuariosController))
11 SYSTEMPATH\CodeIgniter.php(354): CodeIgniter\CodeIgniter->handleRequest(null, Object(Config\Cache), false)
12 SYSTEMPATH\Boot.php(363): CodeIgniter\CodeIgniter->run()
13 SYSTEMPATH\Boot.php(68): CodeIgniter\Boot::runCodeIgniter(Object(CodeIgniter\CodeIgniter))
14 FCPATH\index.php(59): CodeIgniter\Boot::bootWeb(Object(Config\Paths))
